0.000000000000000000e+00
6.743000000000000105e-01
0.000000000000000000e+00
7.028600000000000403e-01
1.000000000000000000e+00
6.733400000000000496e-01
1.000000000000000000e+00
7.034000000000000252e-01
2.000000000000000000e+00
6.735600000000000476e-01
2.000000000000000000e+00
7.025599999999999623e-01
3.000000000000000000e+00
6.734200000000000186e-01
3.000000000000000000e+00
7.032599999999999962e-01
4.000000000000000000e+00
6.719199999999999617e-01
4.000000000000000000e+00
7.029999999999999583e-01
5.000000000000000000e+00
6.714599999999999458e-01
5.000000000000000000e+00
7.024599999999999733e-01
6.000000000000000000e+00
6.724400000000000377e-01
6.000000000000000000e+00
7.017600000000000504e-01
7.000000000000000000e+00
6.717400000000000038e-01
7.000000000000000000e+00
7.033800000000000052e-01
8.000000000000000000e+00
6.723799999999999777e-01
8.000000000000000000e+00
7.015799999999999814e-01
9.000000000000000000e+00
6.732000000000000206e-01
9.000000000000000000e+00
7.036799999999999722e-01
0.000000000000000000e+00
6.743000000000000105e-01
0.000000000000000000e+00
7.028600000000000403e-01
