0.000000000000000000e+00
7.089888000488281250e+01
0.000000000000000000e+00
6.925765991210937500e+01
0.000000000000000000e+00
6.775981903076171875e+01
0.000000000000000000e+00
6.697625732421875000e+01
0.000000000000000000e+00
6.652764892578125000e+01
0.000000000000000000e+00
6.639624023437500000e+01
0.000000000000000000e+00
6.623660278320312500e+01
0.000000000000000000e+00
6.615964508056640625e+01
0.000000000000000000e+00
6.604291534423828125e+01
0.000000000000000000e+00
6.614878845214843750e+01
0.000000000000000000e+00
6.646154022216796875e+01
0.000000000000000000e+00
6.634747314453125000e+01
0.000000000000000000e+00
6.610503387451171875e+01
0.000000000000000000e+00
6.621797943115234375e+01
0.000000000000000000e+00
6.586798095703125000e+01
0.000000000000000000e+00
6.569374084472656250e+01
0.000000000000000000e+00
6.578276062011718750e+01
0.000000000000000000e+00
6.582005310058593750e+01
0.000000000000000000e+00
6.572978973388671875e+01
0.000000000000000000e+00
6.589652252197265625e+01
0.000000000000000000e+00
6.581504821777343750e+01
0.000000000000000000e+00
6.578356933593750000e+01
0.000000000000000000e+00
6.556083679199218750e+01
0.000000000000000000e+00
6.552101135253906250e+01
0.000000000000000000e+00
6.550241088867187500e+01
0.000000000000000000e+00
6.534554290771484375e+01
0.000000000000000000e+00
6.525954437255859375e+01
0.000000000000000000e+00
6.516781616210937500e+01
0.000000000000000000e+00
6.531909179687500000e+01
0.000000000000000000e+00
6.544780731201171875e+01
0.000000000000000000e+00
6.522877502441406250e+01
0.000000000000000000e+00
6.530166625976562500e+01
0.000000000000000000e+00
6.532183837890625000e+01
0.000000000000000000e+00
6.501919555664062500e+01
0.000000000000000000e+00
6.520175933837890625e+01
0.000000000000000000e+00
6.547500610351562500e+01
0.000000000000000000e+00
6.524224853515625000e+01
0.000000000000000000e+00
6.532866668701171875e+01
0.000000000000000000e+00
6.507599639892578125e+01
0.000000000000000000e+00
6.523023223876953125e+01
0.000000000000000000e+00
6.532148742675781250e+01
0.000000000000000000e+00
6.517074584960937500e+01
0.000000000000000000e+00
6.511822509765625000e+01
0.000000000000000000e+00
6.528372192382812500e+01
0.000000000000000000e+00
6.510381317138671875e+01
0.000000000000000000e+00
6.521024322509765625e+01
0.000000000000000000e+00
6.501570129394531250e+01
0.000000000000000000e+00
6.497750854492187500e+01
0.000000000000000000e+00
6.496441650390625000e+01
0.000000000000000000e+00
6.487622833251953125e+01
0.000000000000000000e+00
6.504651641845703125e+01
0.000000000000000000e+00
6.485598754882812500e+01
0.000000000000000000e+00
6.525358581542968750e+01
0.000000000000000000e+00
6.514185333251953125e+01
0.000000000000000000e+00
6.487258911132812500e+01
0.000000000000000000e+00
6.491699981689453125e+01
0.000000000000000000e+00
6.510234069824218750e+01
0.000000000000000000e+00
6.492418670654296875e+01
0.000000000000000000e+00
6.498606109619140625e+01
0.000000000000000000e+00
6.473567199707031250e+01
0.000000000000000000e+00
6.479543304443359375e+01
0.000000000000000000e+00
6.483103942871093750e+01
0.000000000000000000e+00
6.492920684814453125e+01
0.000000000000000000e+00
6.497662353515625000e+01
0.000000000000000000e+00
6.506291961669921875e+01
0.000000000000000000e+00
6.489943695068359375e+01
0.000000000000000000e+00
6.501651763916015625e+01
0.000000000000000000e+00
6.501925659179687500e+01
0.000000000000000000e+00
6.485681915283203125e+01
0.000000000000000000e+00
6.494815063476562500e+01
0.000000000000000000e+00
6.494038391113281250e+01
0.000000000000000000e+00
6.516639709472656250e+01
0.000000000000000000e+00
6.495046997070312500e+01
0.000000000000000000e+00
6.480547332763671875e+01
0.000000000000000000e+00
6.471623229980468750e+01
0.000000000000000000e+00
6.495301818847656250e+01
0.000000000000000000e+00
6.487879943847656250e+01
0.000000000000000000e+00
6.474992370605468750e+01
0.000000000000000000e+00
6.482355499267578125e+01
0.000000000000000000e+00
6.479635620117187500e+01
0.000000000000000000e+00
6.490634155273437500e+01
0.000000000000000000e+00
6.465988922119140625e+01
0.000000000000000000e+00
6.490133666992187500e+01
0.000000000000000000e+00
6.478018188476562500e+01
0.000000000000000000e+00
6.494149017333984375e+01
0.000000000000000000e+00
6.492254638671875000e+01
0.000000000000000000e+00
6.477848052978515625e+01
0.000000000000000000e+00
6.467723083496093750e+01
0.000000000000000000e+00
6.464788818359375000e+01
0.000000000000000000e+00
6.483071136474609375e+01
0.000000000000000000e+00
6.468952178955078125e+01
0.000000000000000000e+00
6.463235473632812500e+01
0.000000000000000000e+00
6.468559265136718750e+01
0.000000000000000000e+00
6.466620635986328125e+01
0.000000000000000000e+00
6.458394622802734375e+01
0.000000000000000000e+00
6.455874633789062500e+01
0.000000000000000000e+00
6.459719848632812500e+01
0.000000000000000000e+00
6.473476409912109375e+01
0.000000000000000000e+00
6.482399749755859375e+01
0.000000000000000000e+00
6.475607299804687500e+01
0.000000000000000000e+00
6.467922210693359375e+01
0.000000000000000000e+00
6.451706695556640625e+01
0.000000000000000000e+00
6.448797607421875000e+01
0.000000000000000000e+00
6.451439666748046875e+01
0.000000000000000000e+00
6.458862304687500000e+01
0.000000000000000000e+00
6.488281250000000000e+01
0.000000000000000000e+00
6.449178314208984375e+01
0.000000000000000000e+00
6.465025329589843750e+01
0.000000000000000000e+00
6.449114227294921875e+01
0.000000000000000000e+00
6.474860382080078125e+01
0.000000000000000000e+00
6.453500366210937500e+01
0.000000000000000000e+00
6.437650299072265625e+01
0.000000000000000000e+00
6.463371276855468750e+01
0.000000000000000000e+00
6.458023071289062500e+01
0.000000000000000000e+00
6.460829925537109375e+01
